{"/Users/chuckhagy/Projects/urgenC-api/lib/controllers/EntityController.js": {"path":"/Users/chuckhagy/Projects/urgenC-api/lib/controllers/EntityController.js","statementMap":{"0":{"start":{"line":1,"column":13},"end":{"line":1,"column":28}},"1":{"start":{"line":5,"column":8},"end":{"line":5,"column":37}},"2":{"start":{"line":6,"column":8},"end":{"line":6,"column":43}},"3":{"start":{"line":7,"column":8},"end":{"line":7,"column":45}},"4":{"start":{"line":8,"column":8},"end":{"line":8,"column":45}},"5":{"start":{"line":9,"column":8},"end":{"line":9,"column":47}},"6":{"start":{"line":10,"column":8},"end":{"line":10,"column":53}},"7":{"start":{"line":11,"column":8},"end":{"line":11,"column":53}},"8":{"start":{"line":12,"column":8},"end":{"line":12,"column":73}},"9":{"start":{"line":13,"column":8},"end":{"line":13,"column":73}},"10":{"start":{"line":17,"column":8},"end":{"line":24,"column":9}},"11":{"start":{"line":18,"column":40},"end":{"line":18,"column":63}},"12":{"start":{"line":19,"column":32},"end":{"line":19,"column":84}},"13":{"start":{"line":20,"column":12},"end":{"line":20,"column":46}},"14":{"start":{"line":22,"column":12},"end":{"line":22,"column":98}},"15":{"start":{"line":22,"column":47},"end":{"line":22,"column":98}},"16":{"start":{"line":23,"column":12},"end":{"line":23,"column":50}},"17":{"start":{"line":28,"column":8},"end":{"line":34,"column":9}},"18":{"start":{"line":29,"column":27},"end":{"line":29,"column":96}},"19":{"start":{"line":30,"column":12},"end":{"line":30,"column":41}},"20":{"start":{"line":32,"column":12},"end":{"line":32,"column":105}},"21":{"start":{"line":32,"column":54},"end":{"line":32,"column":105}},"22":{"start":{"line":33,"column":12},"end":{"line":33,"column":50}},"23":{"start":{"line":38,"column":8},"end":{"line":44,"column":9}},"24":{"start":{"line":39,"column":27},"end":{"line":39,"column":109}},"25":{"start":{"line":40,"column":12},"end":{"line":40,"column":41}},"26":{"start":{"line":42,"column":12},"end":{"line":42,"column":105}},"27":{"start":{"line":42,"column":54},"end":{"line":42,"column":105}},"28":{"start":{"line":43,"column":12},"end":{"line":43,"column":50}},"29":{"start":{"line":48,"column":8},"end":{"line":53,"column":59}},"30":{"start":{"line":49,"column":27},"end":{"line":49,"column":109}},"31":{"start":{"line":50,"column":12},"end":{"line":50,"column":41}},"32":{"start":{"line":52,"column":12},"end":{"line":52,"column":105}},"33":{"start":{"line":52,"column":54},"end":{"line":52,"column":105}},"34":{"start":{"line":53,"column":12},"end":{"line":53,"column":50}},"35":{"start":{"line":57,"column":8},"end":{"line":63,"column":61}},"36":{"start":{"line":58,"column":27},"end":{"line":58,"column":109}},"37":{"start":{"line":59,"column":12},"end":{"line":59,"column":41}},"38":{"start":{"line":61,"column":12},"end":{"line":61,"column":30}},"39":{"start":{"line":62,"column":12},"end":{"line":62,"column":105}},"40":{"start":{"line":62,"column":54},"end":{"line":62,"column":105}},"41":{"start":{"line":63,"column":12},"end":{"line":63,"column":50}},"42":{"start":{"line":67,"column":8},"end":{"line":77,"column":9}},"43":{"start":{"line":68,"column":30},"end":{"line":68,"column":96}},"44":{"start":{"line":69,"column":12},"end":{"line":69,"column":44}},"45":{"start":{"line":71,"column":12},"end":{"line":71,"column":105}},"46":{"start":{"line":71,"column":54},"end":{"line":71,"column":105}},"47":{"start":{"line":72,"column":12},"end":{"line":73,"column":35}},"48":{"start":{"line":72,"column":62},"end":{"line":73,"column":35}},"49":{"start":{"line":74,"column":12},"end":{"line":74,"column":112}},"50":{"start":{"line":74,"column":55},"end":{"line":74,"column":112}},"51":{"start":{"line":75,"column":12},"end":{"line":75,"column":106}},"52":{"start":{"line":75,"column":52},"end":{"line":75,"column":106}},"53":{"start":{"line":76,"column":12},"end":{"line":76,"column":50}},"54":{"start":{"line":81,"column":8},"end":{"line":86,"column":59}},"55":{"start":{"line":82,"column":30},"end":{"line":82,"column":102}},"56":{"start":{"line":83,"column":12},"end":{"line":83,"column":44}},"57":{"start":{"line":85,"column":12},"end":{"line":85,"column":105}},"58":{"start":{"line":85,"column":54},"end":{"line":85,"column":105}},"59":{"start":{"line":86,"column":12},"end":{"line":86,"column":50}},"60":{"start":{"line":90,"column":0},"end":{"line":90,"column":34}}},"fnMap":{"0":{"name":"(anonymous_0)","decl":{"start":{"line":4,"column":4},"end":{"line":4,"column":5}},"loc":{"start":{"line":4,"column":45},"end":{"line":14,"column":5}},"line":4},"1":{"name":"(anonymous_1)","decl":{"start":{"line":16,"column":4},"end":{"line":16,"column":5}},"loc":{"start":{"line":16,"column":33},"end":{"line":25,"column":5}},"line":16},"2":{"name":"(anonymous_2)","decl":{"start":{"line":27,"column":4},"end":{"line":27,"column":5}},"loc":{"start":{"line":27,"column":34},"end":{"line":35,"column":5}},"line":27},"3":{"name":"(anonymous_3)","decl":{"start":{"line":37,"column":4},"end":{"line":37,"column":5}},"loc":{"start":{"line":37,"column":47},"end":{"line":45,"column":5}},"line":37},"4":{"name":"(anonymous_4)","decl":{"start":{"line":47,"column":4},"end":{"line":47,"column":5}},"loc":{"start":{"line":47,"column":47},"end":{"line":54,"column":5}},"line":47},"5":{"name":"(anonymous_5)","decl":{"start":{"line":56,"column":4},"end":{"line":56,"column":5}},"loc":{"start":{"line":56,"column":37},"end":{"line":64,"column":5}},"line":56},"6":{"name":"(anonymous_6)","decl":{"start":{"line":66,"column":4},"end":{"line":66,"column":5}},"loc":{"start":{"line":66,"column":33},"end":{"line":78,"column":5}},"line":66},"7":{"name":"(anonymous_7)","decl":{"start":{"line":80,"column":4},"end":{"line":80,"column":5}},"loc":{"start":{"line":80,"column":37},"end":{"line":87,"column":5}},"line":80}},"branchMap":{"0":{"loc":{"start":{"line":22,"column":12},"end":{"line":22,"column":98}},"type":"if","locations":[{"start":{"line":22,"column":12},"end":{"line":22,"column":98}},{"start":{"line":22,"column":12},"end":{"line":22,"column":98}}],"line":22},"1":{"loc":{"start":{"line":32,"column":12},"end":{"line":32,"column":105}},"type":"if","locations":[{"start":{"line":32,"column":12},"end":{"line":32,"column":105}},{"start":{"line":32,"column":12},"end":{"line":32,"column":105}}],"line":32},"2":{"loc":{"start":{"line":42,"column":12},"end":{"line":42,"column":105}},"type":"if","locations":[{"start":{"line":42,"column":12},"end":{"line":42,"column":105}},{"start":{"line":42,"column":12},"end":{"line":42,"column":105}}],"line":42},"3":{"loc":{"start":{"line":52,"column":12},"end":{"line":52,"column":105}},"type":"if","locations":[{"start":{"line":52,"column":12},"end":{"line":52,"column":105}},{"start":{"line":52,"column":12},"end":{"line":52,"column":105}}],"line":52},"4":{"loc":{"start":{"line":62,"column":12},"end":{"line":62,"column":105}},"type":"if","locations":[{"start":{"line":62,"column":12},"end":{"line":62,"column":105}},{"start":{"line":62,"column":12},"end":{"line":62,"column":105}}],"line":62},"5":{"loc":{"start":{"line":71,"column":12},"end":{"line":71,"column":105}},"type":"if","locations":[{"start":{"line":71,"column":12},"end":{"line":71,"column":105}},{"start":{"line":71,"column":12},"end":{"line":71,"column":105}}],"line":71},"6":{"loc":{"start":{"line":72,"column":12},"end":{"line":73,"column":35}},"type":"if","locations":[{"start":{"line":72,"column":12},"end":{"line":73,"column":35}},{"start":{"line":72,"column":12},"end":{"line":73,"column":35}}],"line":72},"7":{"loc":{"start":{"line":74,"column":12},"end":{"line":74,"column":112}},"type":"if","locations":[{"start":{"line":74,"column":12},"end":{"line":74,"column":112}},{"start":{"line":74,"column":12},"end":{"line":74,"column":112}}],"line":74},"8":{"loc":{"start":{"line":75,"column":12},"end":{"line":75,"column":106}},"type":"if","locations":[{"start":{"line":75,"column":12},"end":{"line":75,"column":106}},{"start":{"line":75,"column":12},"end":{"line":75,"column":106}}],"line":75},"9":{"loc":{"start":{"line":85,"column":12},"end":{"line":85,"column":105}},"type":"if","locations":[{"start":{"line":85,"column":12},"end":{"line":85,"column":105}},{"start":{"line":85,"column":12},"end":{"line":85,"column":105}}],"line":85}},"s":{"0":1,"1":1,"2":1,"3":1,"4":1,"5":1,"6":1,"7":1,"8":1,"9":1,"10":1,"11":1,"12":1,"13":1,"14":0,"15":0,"16":0,"17":1,"18":1,"19":1,"20":0,"21":0,"22":0,"23":1,"24":1,"25":1,"26":0,"27":0,"28":0,"29":1,"30":1,"31":1,"32":0,"33":0,"34":0,"35":1,"36":1,"37":1,"38":0,"39":0,"40":0,"41":0,"42":2,"43":2,"44":1,"45":1,"46":0,"47":1,"48":0,"49":1,"50":0,"51":1,"52":0,"53":1,"54":1,"55":1,"56":1,"57":0,"58":0,"59":0,"60":1},"f":{"0":1,"1":1,"2":1,"3":1,"4":1,"5":1,"6":2,"7":1},"b":{"0":[0,0],"1":[0,0],"2":[0,0],"3":[0,0],"4":[0,0],"5":[0,1],"6":[0,1],"7":[0,1],"8":[0,1],"9":[0,0]},"_coverageSchema":"332fd63041d2c1bcb487cc26dd0d5f7d97098a6c","hash":"e0ee2dd418b45b2d983187637bb911ea3c1a0c21"}
}
