TN:
SF:/Users/chuckhagy/Projects/urgenC-api/lib/repositories/EntityRepository.js
FN:2,(anonymous_0)
FN:8,(anonymous_1)
FN:17,(anonymous_2)
FN:27,(anonymous_3)
FN:39,(anonymous_4)
FN:51,(anonymous_5)
FN:60,(anonymous_6)
FN:69,(anonymous_7)
FN:78,(anonymous_8)
FNF:9
FNH:9
FNDA:1,(anonymous_0)
FNDA:2,(anonymous_1)
FNDA:2,(anonymous_2)
FNDA:2,(anonymous_3)
FNDA:2,(anonymous_4)
FNDA:2,(anonymous_5)
FNDA:2,(anonymous_6)
FNDA:2,(anonymous_7)
FNDA:2,(anonymous_8)
DA:3,1
DA:4,1
DA:5,1
DA:9,2
DA:10,2
DA:11,1
DA:13,1
DA:18,2
DA:19,2
DA:20,1
DA:22,1
DA:28,2
DA:29,2
DA:32,1
DA:34,1
DA:40,2
DA:41,2
DA:44,1
DA:46,1
DA:52,2
DA:53,2
DA:54,1
DA:56,1
DA:61,2
DA:62,2
DA:63,1
DA:65,1
DA:70,2
DA:71,2
DA:72,1
DA:74,1
DA:79,2
DA:80,2
DA:81,1
DA:83,1
DA:88,1
LF:36
LH:36
BRF:0
BRH:0
end_of_record
